-------------------------------------------------------------------------------
Test set: com.mycompany.app.AppTest
-------------------------------------------------------------------------------
Tests run: 2, Failures: 1, Errors: 0, Skipped: 0, Time elapsed: 0.029 s <<< FAILURE! - in com.mycompany.app.AppTest
shouldAnswerWithFalse(com.mycompany.app.AppTest)  Time elapsed: 0.004 s  <<< FAILURE!
java.lang.AssertionError
	at com.mycompany.app.AppTest.shouldAnswerWithFalse(AppTest.java:25)

